D:\Program Files (x86)\Microsoft Visual Studio\2019\Community\MSBuild\Microsoft\VC\v160\Microsoft.CppBuild.targets(491,5): warning MSB8028: The intermediate directory (Debug\) contains files shared from another project (Prologue Hooking.vcxproj).  This can lead to incorrect clean and rebuild behavior.
  pch.c
  dllmain.c
  win32 hooking experiment.c
D:\Programming Projects\Personal Mini Projects\Prologue Hooking\win32 hooking experiment.c(13,53): warning C4047: '=': 'HMODULE' differs in levels of indirection from 'int'
D:\Programming Projects\Personal Mini Projects\Prologue Hooking\win32 hooking experiment.c(14,60): warning C4474: 'printf' : too many arguments passed for format string
D:\Programming Projects\Personal Mini Projects\Prologue Hooking\win32 hooking experiment.c(14,60): message : placeholders and their parameters expect 0 variadic arguments, but 1 were provided
D:\Programming Projects\Personal Mini Projects\Prologue Hooking\win32 hooking experiment.c(19,58): warning C4133: 'function': incompatible types - from 'unsigned short [16]' to 'LPCSTR'
D:\Programming Projects\Personal Mini Projects\Prologue Hooking\win32 hooking experiment.c(19,67): warning C4047: '=': 'HANDLE' differs in levels of indirection from 'int'
D:\Programming Projects\Personal Mini Projects\Prologue Hooking\win32 hooking experiment.c(20,59): warning C4474: 'printf' : too many arguments passed for format string
D:\Programming Projects\Personal Mini Projects\Prologue Hooking\win32 hooking experiment.c(20,59): message : placeholders and their parameters expect 0 variadic arguments, but 1 were provided
D:\Programming Projects\Personal Mini Projects\Prologue Hooking\win32 hooking experiment.c(25,77): warning C4047: 'function': 'PDWORD' differs in levels of indirection from 'PDWORD *'
D:\Programming Projects\Personal Mini Projects\Prologue Hooking\win32 hooking experiment.c(25,57): warning C4024: 'VirtualProtect': different types for formal and actual parameter 4
D:\Programming Projects\Personal Mini Projects\Prologue Hooking\win32 hooking experiment.c(26,59): warning C4474: 'printf' : too many arguments passed for format string
D:\Programming Projects\Personal Mini Projects\Prologue Hooking\win32 hooking experiment.c(26,59): message : placeholders and their parameters expect 0 variadic arguments, but 1 were provided
D:\Programming Projects\Personal Mini Projects\Prologue Hooking\win32 hooking experiment.c(36,25): warning C4474: 'printf' : too many arguments passed for format string
D:\Programming Projects\Personal Mini Projects\Prologue Hooking\win32 hooking experiment.c(36,25): message : placeholders and their parameters expect 0 variadic arguments, but 1 were provided
D:\Programming Projects\Personal Mini Projects\Prologue Hooking\win32 hooking experiment.c(32,1): warning C4047: 'initializing': 'char *' differs in levels of indirection from 'void (__cdecl *)(void)'
  Generating Code...
  Prologue Hooking.vcxproj -> D:\Programming Projects\Personal Mini Projects\Prologue Hooking\Debug\Hooking DLL.dll
